2023-10-18T11:10:07+00:00 CRITICAL Maximum execution time of 60 seconds exceeded dans C:\MAMP\htdocs\chic-dressing0\wp-admin\includes\class-wp-filesystem-direct.php à la ligne 82

2023-10-18T13:01:32+00:00 CRITICAL Uncaught TypeError: implode(): Argument #2 ($array) must be of type ?array, string given in C:\MAMP\htdocs\chic-dressing0\wp-content\plugins\wysija-newsletters\helpers\file.php:161
Stack trace:
#0 C:\MAMP\htdocs\chic-dressing0\wp-content\plugins\wysija-newsletters\helpers\file.php(161): implode(Array, '|')
#1 C:\MAMP\htdocs\chic-dressing0\wp-content\plugins\wysija-newsletters\core\base.php(820): WYSIJA_help_file->clear()
#2 C:\MAMP\htdocs\chic-dressing0\wp-content\plugins\wysija-newsletters\helpers\cron.php(184): WYSIJA::croned_daily()
#3 C:\MAMP\htdocs\chic-dressing0\wp-content\plugins\wysija-newsletters\helpers\cron.php(120): WYSIJA_help_cron->run_scheduled_task('daily')
#4 C:\MAMP\htdocs\chic-dressing0\wp-content\plugins\wysija-newsletters\helpers\cron.php(56): WYSIJA_help_cron->check_scheduled_task(Array, 'daily')
#5 C:\MAMP\htdocs\chic-dressing0\wp-content\plugins\wysija-newsletters\core\base.php(1525): WYSIJA_help_cron->run()
#6 C:\MAMP\htdocs\chic-dressing0\wp-includes\class-wp-hook.php(310): init_wysija_cron('')
#7 C:\MAMP\htdocs\chic-dressing0\wp-includes\class-wp-hook.php(334): WP_Hook->apply_filters(NULL, Array)
#8 C:\MAMP\htdocs\chic-dressing0\wp-includes\plugin.php(517): WP_Hook->do_action(Array)
#9 C:\MAMP\htdocs\chic-dressing0\wp-settings.php(632): do_action('init')
#10 C:\MAMP\htdocs\chic-dressing0\wp-config.php(96): require_once('C:\\MAMP\\htdocs\\...')
#11 C:\MAMP\htdocs\chic-dressing0\wp-load.php(50): require_once('C:\\MAMP\\htdocs\\...')
#12 C:\MAMP\htdocs\chic-dressing0\wp-cron.php(46): require_once('C:\\MAMP\\htdocs\\...')
#13 {main}
  thrown dans C:\MAMP\htdocs\chic-dressing0\wp-content\plugins\wysija-newsletters\helpers\file.php à la ligne 161

2023-10-18T13:47:31+00:00 CRITICAL Maximum execution time of 60 seconds exceeded dans C:\MAMP\htdocs\chic-dressing0\wp-content\plugins\resmushit-image-optimizer\classes\resmushit.class.php à la ligne 90

2023-10-18T13:47:38+00:00 CRITICAL Maximum execution time of 60 seconds exceeded dans C:\MAMP\htdocs\chic-dressing0\wp-content\plugins\resmushit-image-optimizer\classes\resmushit.class.php à la ligne 98

